<?xml version="1.0" encoding="UTF-8"?>
<!-- Generated by org.testng.reporters.JUnitReportReporter -->
<testsuite hostname="RLP2140" failures="0" tests="4" name="com.rts.JenkinsSample1.TestWorking" time="0.009" errors="0" timestamp="2024-04-30T10:04:14 IST" skipped="0">
  <testcase classname="com.rts.JenkinsSample1.TestWorking" name="testAddToLogins2" time="0.001"/>
  <testcase classname="com.rts.JenkinsSample1.TestWorking" name="testAddToLogins1" time="0.000"/>
  <testcase classname="com.rts.JenkinsSample1.TestWorking" name="testAddToLog1" time="0.008"/>
  <testcase classname="com.rts.JenkinsSample1.TestWorking" name="testAddToLog2" time="0.000"/>
</testsuite> <!-- com.rts.JenkinsSample1.TestWorking -->
