<?xml version="1.0" encoding="UTF-8"?>
<!-- Generated by org.testng.reporters.JUnitReportReporter -->
<testsuite hostname="RLP2140" failures="0" tests="1" name="com.rts.JenkinsSample1.AppTest" time="0.002" errors="0" timestamp="2024-04-30T10:04:14 IST" skipped="0">
  <testcase classname="com.rts.JenkinsSample1.AppTest" name="testApp" time="0.002"/>
</testsuite> <!-- com.rts.JenkinsSample1.AppTest -->
